  [1m[36m (1.3ms)[0m  [1mCREATE TABLE "schema_migrations" ("version" varchar NOT NULL) [0m
  [1m[35m (0.0ms)[0m  select sqlite_version(*)
  [1m[36m (1.1ms)[0m  [1mCREATE UNIQUE INDEX "unique_schema_migrations" ON "schema_migrations" ("version")[0m
  [1m[35mActiveRecord::SchemaMigration Load (0.1ms)[0m  SELECT "schema_migrations".* FROM "schema_migrations"
Started GET "/articles" for ::1 at 2019-12-06 02:50:11 -0800
  [1m[36mActiveRecord::SchemaMigration Load (0.2ms)[0m  [1m[34mSELECT "schema_migrations".* FROM "schema_migrations"[0m
  
ActiveRecord::PendingMigrationError (

Migrations are pending. To resolve this issue, run:

        bin/rails db:migrate RAILS_ENV=development

):
  
activerecord (5.0.7.2) lib/active_record/migration.rb:573:in `check_pending!'
activerecord (5.0.7.2) lib/active_record/migration.rb:549:in `call'
actionpack (5.0.7.2) lib/action_dispatch/middleware/callbacks.rb:38:in `block in call'
activesupport (5.0.7.2) lib/active_support/callbacks.rb:97:in `__run_callbacks__'
activesupport (5.0.7.2) lib/active_support/callbacks.rb:750:in `_run_call_callbacks'
activesupport (5.0.7.2) lib/active_support/callbacks.rb:90:in `run_callbacks'
actionpack (5.0.7.2) lib/action_dispatch/middleware/callbacks.rb:36:in `call'
actionpack (5.0.7.2) lib/action_dispatch/middleware/executor.rb:12:in `call'
actionpack (5.0.7.2) lib/action_dispatch/middleware/remote_ip.rb:79:in `call'
actionpack (5.0.7.2) lib/action_dispatch/middleware/debug_exceptions.rb:49:in `call'
web-console (2.3.0) lib/web_console/middleware.rb:28:in `block in call'
web-console (2.3.0) lib/web_console/middleware.rb:18:in `catch'
web-console (2.3.0) lib/web_console/middleware.rb:18:in `call'
actionpack (5.0.7.2) lib/action_dispatch/middleware/show_exceptions.rb:31:in `call'
railties (5.0.7.2) lib/rails/rack/logger.rb:36:in `call_app'
railties (5.0.7.2) lib/rails/rack/logger.rb:24:in `block in call'
activesupport (5.0.7.2) lib/active_support/tagged_logging.rb:69:in `block in tagged'
activesupport (5.0.7.2) lib/active_support/tagged_logging.rb:26:in `tagged'
activesupport (5.0.7.2) lib/active_support/tagged_logging.rb:69:in `tagged'
railties (5.0.7.2) lib/rails/rack/logger.rb:24:in `call'
sprockets-rails (3.2.1) lib/sprockets/rails/quiet_assets.rb:13:in `call'
actionpack (5.0.7.2) lib/action_dispatch/middleware/request_id.rb:24:in `call'
rack (2.0.7) lib/rack/method_override.rb:22:in `call'
rack (2.0.7) lib/rack/runtime.rb:22:in `call'
activesupport (5.0.7.2) lib/active_support/cache/strategy/local_cache_middleware.rb:28:in `call'
actionpack (5.0.7.2) lib/action_dispatch/middleware/executor.rb:12:in `call'
actionpack (5.0.7.2) lib/action_dispatch/middleware/static.rb:136:in `call'
rack (2.0.7) lib/rack/sendfile.rb:111:in `call'
railties (5.0.7.2) lib/rails/engine.rb:522:in `call'
rack (2.0.7) lib/rack/handler/webrick.rb:86:in `service'
/Users/susansims/.rvm/rubies/ruby-2.6.0/lib/ruby/2.6.0/webrick/httpserver.rb:140:in `service'
/Users/susansims/.rvm/rubies/ruby-2.6.0/lib/ruby/2.6.0/webrick/httpserver.rb:96:in `run'
/Users/susansims/.rvm/rubies/ruby-2.6.0/lib/ruby/2.6.0/webrick/server.rb:307:in `block in start_thread'
  Rendering /Users/susansims/.rvm/gems/ruby-2.6.0/gems/actionpack-5.0.7.2/lib/action_dispatch/middleware/templates/rescues/diagnostics.html.erb within rescues/layout
  Rendering /Users/susansims/.rvm/gems/ruby-2.6.0/gems/actionpack-5.0.7.2/lib/action_dispatch/middleware/templates/rescues/_source.html.erb
  Rendered /Users/susansims/.rvm/gems/ruby-2.6.0/gems/actionpack-5.0.7.2/lib/action_dispatch/middleware/templates/rescues/_source.html.erb (1.3ms)
  Rendering /Users/susansims/.rvm/gems/ruby-2.6.0/gems/actionpack-5.0.7.2/lib/action_dispatch/middleware/templates/rescues/_trace.html.erb
  Rendered /Users/susansims/.rvm/gems/ruby-2.6.0/gems/actionpack-5.0.7.2/lib/action_dispatch/middleware/templates/rescues/_trace.html.erb (0.9ms)
  Rendering /Users/susansims/.rvm/gems/ruby-2.6.0/gems/actionpack-5.0.7.2/lib/action_dispatch/middleware/templates/rescues/_request_and_response.html.erb
  Rendered /Users/susansims/.rvm/gems/ruby-2.6.0/gems/actionpack-5.0.7.2/lib/action_dispatch/middleware/templates/rescues/_request_and_response.html.erb (0.6ms)
  Rendered /Users/susansims/.rvm/gems/ruby-2.6.0/gems/actionpack-5.0.7.2/lib/action_dispatch/middleware/templates/rescues/diagnostics.html.erb within rescues/layout (21.2ms)
DEPRECATION WARNING: Accessing mime types via constants is deprecated. Please change `Mime::HTML` to `Mime[:html]`. (called from acceptable_content_type? at /Users/susansims/.rvm/gems/ruby-2.6.0/gems/web-console-2.3.0/lib/web_console/middleware.rb:58)
  Rendering /Users/susansims/.rvm/gems/ruby-2.6.0/gems/web-console-2.3.0/lib/web_console/templates/index.html.erb
  Rendered /Users/susansims/.rvm/gems/ruby-2.6.0/gems/web-console-2.3.0/lib/web_console/templates/_markup.html.erb (0.3ms)
  Rendering /Users/susansims/.rvm/gems/ruby-2.6.0/gems/web-console-2.3.0/lib/web_console/templates/console.js.erb within layouts/javascript
  Rendering /Users/susansims/.rvm/gems/ruby-2.6.0/gems/web-console-2.3.0/lib/web_console/templates/_inner_console_markup.html.erb within layouts/inlined_string
  Rendered /Users/susansims/.rvm/gems/ruby-2.6.0/gems/web-console-2.3.0/lib/web_console/templates/_inner_console_markup.html.erb within layouts/inlined_string (0.3ms)
  Rendering /Users/susansims/.rvm/gems/ruby-2.6.0/gems/web-console-2.3.0/lib/web_console/templates/_prompt_box_markup.html.erb within layouts/inlined_string
  Rendered /Users/susansims/.rvm/gems/ruby-2.6.0/gems/web-console-2.3.0/lib/web_console/templates/_prompt_box_markup.html.erb within layouts/inlined_string (0.3ms)
  Rendering /Users/susansims/.rvm/gems/ruby-2.6.0/gems/web-console-2.3.0/lib/web_console/templates/style.css.erb within layouts/inlined_string
  Rendered /Users/susansims/.rvm/gems/ruby-2.6.0/gems/web-console-2.3.0/lib/web_console/templates/style.css.erb within layouts/inlined_string (0.3ms)
DEPRECATION WARNING: Accessing mime types via constants is deprecated. Please change `Mime::WEB_CONSOLE_V2` to `Mime[:web_console_v2]`. (called from ___sers_susansims__rvm_gems_ruby_______gems_web_console_______lib_web_console_templates_console_js_erb___4285105309356062650_70103386436180 at /Users/susansims/.rvm/gems/ruby-2.6.0/gems/web-console-2.3.0/lib/web_console/templates/console.js.erb:491)
  Rendered /Users/susansims/.rvm/gems/ruby-2.6.0/gems/web-console-2.3.0/lib/web_console/templates/console.js.erb within layouts/javascript (22.6ms)
  Rendering /Users/susansims/.rvm/gems/ruby-2.6.0/gems/web-console-2.3.0/lib/web_console/templates/main.js.erb within layouts/javascript
  Rendered /Users/susansims/.rvm/gems/ruby-2.6.0/gems/web-console-2.3.0/lib/web_console/templates/main.js.erb within layouts/javascript (0.3ms)
  Rendering /Users/susansims/.rvm/gems/ruby-2.6.0/gems/web-console-2.3.0/lib/web_console/templates/error_page.js.erb within layouts/javascript
  Rendered /Users/susansims/.rvm/gems/ruby-2.6.0/gems/web-console-2.3.0/lib/web_console/templates/error_page.js.erb within layouts/javascript (0.3ms)
  Rendered /Users/susansims/.rvm/gems/ruby-2.6.0/gems/web-console-2.3.0/lib/web_console/templates/index.html.erb (50.1ms)
  [1m[35m (1.2ms)[0m  [1m[35mCREATE TABLE "ar_internal_metadata" ("key" varchar NOT NULL PRIMARY KEY, "value" varchar, "created_at" datetime NOT NULL, "updated_at" datetime NOT NULL)[0m
  [1m[36mActiveRecord::SchemaMigration Load (0.2ms)[0m  [1m[34mSELECT "schema_migrations".* FROM "schema_migrations"[0m
Migrating to CreateArticles (20191206104717)
  [1m[35m (0.1ms)[0m  [1m[36mbegin transaction[0m
  [1m[35m (0.5ms)[0m  [1m[35mCREATE TABLE "articles" ("id" INTEGER PRIMARY KEY AUTOINCREMENT NOT NULL, "title" varchar, "body" text, "created_at" datetime NOT NULL, "updated_at" datetime NOT NULL)[0m
  [1m[35mSQL (0.2ms)[0m  [1m[32mINSERT INTO "schema_migrations" ("version") VALUES (?)[0m  [["version", "20191206104717"]]
  [1m[35m (0.8ms)[0m  [1m[36mcommit transaction[0m
  [1m[36mActiveRecord::InternalMetadata Load (0.2ms)[0m  [1m[34mSELECT  "ar_internal_metadata".* FROM "ar_internal_metadata" WHERE "ar_internal_metadata"."key" = ? LIMIT ?[0m  [["key", "environment"], ["LIMIT", 1]]
  [1m[35m (0.0ms)[0m  [1m[36mbegin transaction[0m
  [1m[35mSQL (0.3ms)[0m  [1m[32mINSERT INTO "ar_internal_metadata" ("key", "value", "created_at", "updated_at") VALUES (?, ?, ?, ?)[0m  [["key", "environment"], ["value", "development"], ["created_at", "2019-12-06 10:50:48.293232"], ["updated_at", "2019-12-06 10:50:48.293232"]]
  [1m[35m (0.7ms)[0m  [1m[36mcommit transaction[0m
  [1m[36mActiveRecord::SchemaMigration Load (0.2ms)[0m  [1m[34mSELECT "schema_migrations".* FROM "schema_migrations"[0m
Started GET "/articles" for ::1 at 2019-12-06 02:50:56 -0800
  [1m[36mActiveRecord::SchemaMigration Load (0.1ms)[0m  [1m[34mSELECT "schema_migrations".* FROM "schema_migrations"[0m
Processing by ArticlesController#index as HTML
  Rendering articles/index.html.erb within layouts/application
  [1m[36mArticle Load (0.3ms)[0m  [1m[34mSELECT "articles".* FROM "articles"[0m
  Rendered articles/index.html.erb within layouts/application (2.7ms)
Completed 200 OK in 517ms (Views: 508.9ms | ActiveRecord: 0.6ms)


Started GET "/articles/new" for ::1 at 2019-12-06 02:51:17 -0800
Processing by ArticlesController#new as HTML
  Rendering articles/new.html.erb within layouts/application
  Rendered articles/_form.html.erb (9.3ms)
  Rendered articles/new.html.erb within layouts/application (10.7ms)
Completed 200 OK in 34ms (Views: 23.5ms | ActiveRecord: 1.7ms)


Started POST "/articles" for ::1 at 2019-12-06 02:51:21 -0800
Processing by ArticlesController#create as HTML
  Parameters: {"utf8"=>"✓", "authenticity_token"=>"xuFUGPj9M2BroHuWSOSOgAYjHkFq1NWDRuZaMQz9irHKTJyOxcQ5cnsk7YBvZ6fNvUD/l5S2WqYdaSVpDSN+5A==", "article"=>{"title"=>"", "body"=>""}, "commit"=>"Create Article"}
  [1m[35m (0.2ms)[0m  [1m[36mbegin transaction[0m
  [1m[35mSQL (0.5ms)[0m  [1m[32mINSERT INTO "articles" ("title", "body", "created_at", "updated_at") VALUES (?, ?, ?, ?)[0m  [["title", ""], ["body", ""], ["created_at", "2019-12-06 10:51:21.916404"], ["updated_at", "2019-12-06 10:51:21.916404"]]
  [1m[35m (1.9ms)[0m  [1m[36mcommit transaction[0m
Redirected to http://localhost:3000/articles/1
Completed 302 Found in 7ms (ActiveRecord: 2.7ms)


Started GET "/articles/1" for ::1 at 2019-12-06 02:51:21 -0800
Processing by ArticlesController#show as HTML
  Parameters: {"id"=>"1"}
  [1m[36mArticle Load (0.2ms)[0m  [1m[34mSELECT  "articles".* FROM "articles" WHERE "articles"."id" = ? LIMIT ?[0m  [["id", 1], ["LIMIT", 1]]
  Rendering articles/show.html.erb within layouts/application
  Rendered articles/show.html.erb within layouts/application (0.7ms)
Completed 200 OK in 15ms (Views: 11.5ms | ActiveRecord: 0.2ms)


Started GET "/articles/1/edit" for ::1 at 2019-12-06 02:51:27 -0800
Processing by ArticlesController#edit as HTML
  Parameters: {"id"=>"1"}
  [1m[36mArticle Load (0.2ms)[0m  [1m[34mSELECT  "articles".* FROM "articles" WHERE "articles"."id" = ? LIMIT ?[0m  [["id", 1], ["LIMIT", 1]]
  Rendering articles/edit.html.erb within layouts/application
  Rendered articles/_form.html.erb (2.6ms)
  Rendered articles/edit.html.erb within layouts/application (4.2ms)
Completed 200 OK in 27ms (Views: 24.4ms | ActiveRecord: 0.2ms)


Started GET "/articles" for ::1 at 2019-12-06 02:51:35 -0800
Processing by ArticlesController#index as HTML
  Rendering articles/index.html.erb within layouts/application
  [1m[36mArticle Load (0.2ms)[0m  [1m[34mSELECT "articles".* FROM "articles"[0m
  Rendered articles/index.html.erb within layouts/application (2.2ms)
Completed 200 OK in 25ms (Views: 24.2ms | ActiveRecord: 0.2ms)


Started DELETE "/articles/1" for ::1 at 2019-12-06 02:51:41 -0800
Processing by ArticlesController#destroy as HTML
  Parameters: {"authenticity_token"=>"YpUBZt08du2ixRQu52UKL/zLrjztsBRd4eSPghAJo+RuOMnw4AV8/7JBgjjA5iNiR6hP6hPSm3i6a/DaEddXsQ==", "id"=>"1"}
  [1m[36mArticle Load (0.6ms)[0m  [1m[34mSELECT  "articles".* FROM "articles" WHERE "articles"."id" = ? LIMIT ?[0m  [["id", 1], ["LIMIT", 1]]
  [1m[35m (0.1ms)[0m  [1m[36mbegin transaction[0m
  [1m[35mSQL (1.6ms)[0m  [1m[31mDELETE FROM "articles" WHERE "articles"."id" = ?[0m  [["id", 1]]
  [1m[35m (1.4ms)[0m  [1m[36mcommit transaction[0m
Redirected to http://localhost:3000/articles
Completed 302 Found in 10ms (ActiveRecord: 3.7ms)


Started GET "/articles" for ::1 at 2019-12-06 02:51:41 -0800
Processing by ArticlesController#index as HTML
  Rendering articles/index.html.erb within layouts/application
  [1m[36mArticle Load (0.2ms)[0m  [1m[34mSELECT "articles".* FROM "articles"[0m
  Rendered articles/index.html.erb within layouts/application (1.2ms)
Completed 200 OK in 17ms (Views: 15.7ms | ActiveRecord: 0.2ms)


Started GET "/articles/new" for ::1 at 2019-12-06 02:51:50 -0800
Processing by ArticlesController#new as HTML
  Rendering articles/new.html.erb within layouts/application
  Rendered articles/_form.html.erb (3.7ms)
  Rendered articles/new.html.erb within layouts/application (6.4ms)
Completed 200 OK in 26ms (Views: 25.3ms | ActiveRecord: 0.0ms)


Started POST "/articles" for ::1 at 2019-12-06 02:51:52 -0800
Processing by ArticlesController#create as HTML
  Parameters: {"utf8"=>"✓", "authenticity_token"=>"bC05lPetMLT5VacLQQLCjieqNLBP6hi0WbVeOZFlLcNggPECypQ6punRMR1mgevDnMnVZrGIl5ECOiFhkLvZlg==", "article"=>{"title"=>"", "body"=>""}, "commit"=>"Create Article"}
  [1m[35m (0.2ms)[0m  [1m[36mbegin transaction[0m
  [1m[35mSQL (0.7ms)[0m  [1m[32mINSERT INTO "articles" ("title", "body", "created_at", "updated_at") VALUES (?, ?, ?, ?)[0m  [["title", ""], ["body", ""], ["created_at", "2019-12-06 10:51:52.127118"], ["updated_at", "2019-12-06 10:51:52.127118"]]
  [1m[35m (1.7ms)[0m  [1m[36mcommit transaction[0m
Redirected to http://localhost:3000/articles/2
Completed 302 Found in 8ms (ActiveRecord: 2.6ms)


Started GET "/articles/2" for ::1 at 2019-12-06 02:51:52 -0800
Processing by ArticlesController#show as HTML
  Parameters: {"id"=>"2"}
  [1m[36mArticle Load (0.3ms)[0m  [1m[34mSELECT  "articles".* FROM "articles" WHERE "articles"."id" = ? LIMIT ?[0m  [["id", 2], ["LIMIT", 1]]
  Rendering articles/show.html.erb within layouts/application
  Rendered articles/show.html.erb within layouts/application (1.9ms)
Completed 200 OK in 20ms (Views: 17.9ms | ActiveRecord: 0.3ms)


Started GET "/articles/2/edit" for ::1 at 2019-12-06 02:51:53 -0800
Processing by ArticlesController#edit as HTML
  Parameters: {"id"=>"2"}
  [1m[36mArticle Load (0.1ms)[0m  [1m[34mSELECT  "articles".* FROM "articles" WHERE "articles"."id" = ? LIMIT ?[0m  [["id", 2], ["LIMIT", 1]]
  Rendering articles/edit.html.erb within layouts/application
  Rendered articles/_form.html.erb (1.7ms)
  Rendered articles/edit.html.erb within layouts/application (2.7ms)
Completed 200 OK in 24ms (Views: 21.1ms | ActiveRecord: 0.1ms)


Started PATCH "/articles/2" for ::1 at 2019-12-06 02:51:56 -0800
Processing by ArticlesController#update as HTML
  Parameters: {"utf8"=>"✓", "authenticity_token"=>"GB+UzK28ltcSUgpExarnEX+Of/JNsJtcr8MKHyw1m5AUslxakIWcxQLWnFLiKc5cxO2eJLPSFHn0THVHLetvxQ==", "article"=>{"title"=>"", "body"=>""}, "commit"=>"Update Article", "id"=>"2"}
  [1m[36mArticle Load (0.5ms)[0m  [1m[34mSELECT  "articles".* FROM "articles" WHERE "articles"."id" = ? LIMIT ?[0m  [["id", 2], ["LIMIT", 1]]
  [1m[35m (0.4ms)[0m  [1m[36mbegin transaction[0m
  [1m[35m (0.2ms)[0m  [1m[36mcommit transaction[0m
Redirected to http://localhost:3000/articles/2
Completed 302 Found in 7ms (ActiveRecord: 1.0ms)


Started GET "/articles/2" for ::1 at 2019-12-06 02:51:56 -0800
Processing by ArticlesController#show as HTML
  Parameters: {"id"=>"2"}
  [1m[36mArticle Load (0.1ms)[0m  [1m[34mSELECT  "articles".* FROM "articles" WHERE "articles"."id" = ? LIMIT ?[0m  [["id", 2], ["LIMIT", 1]]
  Rendering articles/show.html.erb within layouts/application
  Rendered articles/show.html.erb within layouts/application (0.9ms)
Completed 200 OK in 21ms (Views: 17.9ms | ActiveRecord: 0.1ms)


Started GET "/articles" for ::1 at 2019-12-06 02:51:58 -0800
Processing by ArticlesController#index as HTML
  Rendering articles/index.html.erb within layouts/application
  [1m[36mArticle Load (0.3ms)[0m  [1m[34mSELECT "articles".* FROM "articles"[0m
  Rendered articles/index.html.erb within layouts/application (2.9ms)
Completed 200 OK in 26ms (Views: 24.0ms | ActiveRecord: 0.3ms)


Started GET "/articles/2/edit" for ::1 at 2019-12-06 02:52:00 -0800
Processing by ArticlesController#edit as HTML
  Parameters: {"id"=>"2"}
  [1m[36mArticle Load (0.1ms)[0m  [1m[34mSELECT  "articles".* FROM "articles" WHERE "articles"."id" = ? LIMIT ?[0m  [["id", 2], ["LIMIT", 1]]
  Rendering articles/edit.html.erb within layouts/application
  Rendered articles/_form.html.erb (5.3ms)
  Rendered articles/edit.html.erb within layouts/application (7.0ms)
Completed 200 OK in 29ms (Views: 26.2ms | ActiveRecord: 0.1ms)


Started GET "/articles" for ::1 at 2019-12-06 02:52:02 -0800
Processing by ArticlesController#index as HTML
  Rendering articles/index.html.erb within layouts/application
  [1m[36mArticle Load (0.2ms)[0m  [1m[34mSELECT "articles".* FROM "articles"[0m
  Rendered articles/index.html.erb within layouts/application (26.9ms)
Completed 200 OK in 42ms (Views: 39.3ms | ActiveRecord: 0.2ms)


Started GET "/articles/2" for ::1 at 2019-12-06 02:52:03 -0800
Processing by ArticlesController#show as HTML
  Parameters: {"id"=>"2"}
  [1m[36mArticle Load (0.2ms)[0m  [1m[34mSELECT  "articles".* FROM "articles" WHERE "articles"."id" = ? LIMIT ?[0m  [["id", 2], ["LIMIT", 1]]
  Rendering articles/show.html.erb within layouts/application
  Rendered articles/show.html.erb within layouts/application (1.4ms)
Completed 200 OK in 26ms (Views: 22.7ms | ActiveRecord: 0.2ms)


Started GET "/articles" for ::1 at 2019-12-06 02:52:04 -0800
Processing by ArticlesController#index as HTML
  Rendering articles/index.html.erb within layouts/application
  [1m[36mArticle Load (0.3ms)[0m  [1m[34mSELECT "articles".* FROM "articles"[0m
  Rendered articles/index.html.erb within layouts/application (2.3ms)
Completed 200 OK in 26ms (Views: 24.8ms | ActiveRecord: 0.3ms)


Started DELETE "/articles/2" for ::1 at 2019-12-06 02:52:07 -0800
Processing by ArticlesController#destroy as HTML
  Parameters: {"authenticity_token"=>"B9NyxR6qgDZu8hMVflenXamBrflPA4S466k0hzmFonELfrpTI5OKJH52hQNZ1I4QEuJML7FhC52wJkvfOFtWJA==", "id"=>"2"}
  [1m[36mArticle Load (0.4ms)[0m  [1m[34mSELECT  "articles".* FROM "articles" WHERE "articles"."id" = ? LIMIT ?[0m  [["id", 2], ["LIMIT", 1]]
  [1m[35m (0.1ms)[0m  [1m[36mbegin transaction[0m
  [1m[35mSQL (0.5ms)[0m  [1m[31mDELETE FROM "articles" WHERE "articles"."id" = ?[0m  [["id", 2]]
  [1m[35m (1.9ms)[0m  [1m[36mcommit transaction[0m
Redirected to http://localhost:3000/articles
Completed 302 Found in 7ms (ActiveRecord: 2.8ms)


Started GET "/articles" for ::1 at 2019-12-06 02:52:07 -0800
Processing by ArticlesController#index as HTML
  Rendering articles/index.html.erb within layouts/application
  [1m[36mArticle Load (0.2ms)[0m  [1m[34mSELECT "articles".* FROM "articles"[0m
  Rendered articles/index.html.erb within layouts/application (2.7ms)
Completed 200 OK in 18ms (Views: 16.8ms | ActiveRecord: 0.2ms)


